<?xml version="1.0" encoding="UTF-8"?>
<testsuite name="LeapYearTest" tests="3" skipped="0" failures="0" errors="0" timestamp="2016-09-07T21:54:58" hostname="epicodus-14.local" time="0.002">
  <properties/>
  <testcase name="isLeapYear_forNumberDivisibleByFour_true" classname="LeapYearTest" time="0.001"/>
  <testcase name="isLeapYear_forMultiplesofOneHundred_false" classname="LeapYearTest" time="0.0"/>
  <testcase name="isLeapYear_forNumbersNotDivisibleByFour_false" classname="LeapYearTest" time="0.0"/>
  <system-out><![CDATA[]]></system-out>
  <system-err><![CDATA[]]></system-err>
</testsuite>
